!SESSION 2015-08-21 14:38:01.045 -----------------------------------------------
eclipse.buildId=4.3.0.M20130911-1000
java.version=1.7.0_17
java.vendor=Oracle Corporation
BootLoader constants: OS=win32, ARCH=x86_64, WS=win32, NL=en_IN
Framework arguments:  -product org.eclipse.epp.package.jee.product
Command-line arguments:  -data D:\New folder -os win32 -ws win32 -arch x86_64 -product org.eclipse.epp.package.jee.product

!ENTRY org.eclipse.ui.ide 4 4 2015-08-21 14:38:19.067
!MESSAGE Could not obtain lock for workspace location

!ENTRY org.eclipse.ui.ide 4 4 2015-08-21 14:38:19.067
!MESSAGE Could not obtain lock for workspace location
!STACK 0
java.io.IOException: The folder "D:\New folder\.metadata" is read-only.
	at org.eclipse.core.runtime.internal.adaptor.BasicLocation.lock(BasicLocation.java:206)
	at org.eclipse.core.runtime.internal.adaptor.BasicLocation.lock(BasicLocation.java:181)
	at org.eclipse.ui.internal.ide.application.IDEApplication.checkInstanceLocation(IDEApplication.java:196)
	at org.eclipse.ui.internal.ide.application.IDEApplication.start(IDEApplication.java:113)
	at org.eclipse.equinox.internal.app.EclipseAppHandle.run(EclipseAppHandle.java:196)
	at org.eclipse.core.runtime.internal.adaptor.EclipseAppLauncher.runApplication(EclipseAppLauncher.java:110)
	at org.eclipse.core.runtime.internal.adaptor.EclipseAppLauncher.start(EclipseAppLauncher.java:79)
	at org.eclipse.core.runtime.adaptor.EclipseStarter.run(EclipseStarter.java:354)
	at org.eclipse.core.runtime.adaptor.EclipseStarter.run(EclipseStarter.java:181)
	at sun.reflect.NativeMethodAccessorImpl.invoke0(Native Method)
	at sun.reflect.NativeMethodAccessorImpl.invoke(NativeMethodAccessorImpl.java:57)
	at sun.reflect.DelegatingMethodAccessorImpl.invoke(DelegatingMethodAccessorImpl.java:43)
	at java.lang.reflect.Method.invoke(Method.java:601)
	at org.eclipse.equinox.launcher.Main.invokeFramework(Main.java:636)
	at org.eclipse.equinox.launcher.Main.basicRun(Main.java:591)
	at org.eclipse.equinox.launcher.Main.run(Main.java:1450)
	at org.eclipse.equinox.launcher.Main.main(Main.java:1426)

!ENTRY org.eclipse.ui.ide 4 0 2015-08-21 14:38:43.949
!MESSAGE FrameworkEvent ERROR
!STACK 0
org.osgi.framework.BundleException: Exception in org.eclipse.ui.internal.ide.IDEWorkbenchPlugin.stop() of bundle org.eclipse.ui.ide.
	at org.eclipse.osgi.framework.internal.core.BundleContextImpl.stop(BundleContextImpl.java:791)
	at org.eclipse.osgi.framework.internal.core.BundleHost.stopWorker(BundleHost.java:510)
	at org.eclipse.osgi.framework.internal.core.AbstractBundle.suspend(AbstractBundle.java:566)
	at org.eclipse.osgi.framework.internal.core.Framework.suspendBundle(Framework.java:1206)
	at org.eclipse.osgi.framework.internal.core.StartLevelManager.decFWSL(StartLevelManager.java:592)
	at org.eclipse.osgi.framework.internal.core.StartLevelManager.doSetStartLevel(StartLevelManager.java:257)
	at org.eclipse.osgi.framework.internal.core.StartLevelManager.shutdown(StartLevelManager.java:215)
	at org.eclipse.osgi.framework.internal.core.InternalSystemBundle.suspend(InternalSystemBundle.java:284)
	at org.eclipse.osgi.framework.internal.core.Framework.shutdown(Framework.java:692)
	at org.eclipse.osgi.framework.internal.core.Framework.close(Framework.java:600)
	at org.eclipse.core.runtime.adaptor.EclipseStarter.shutdown(EclipseStarter.java:400)
	at org.eclipse.core.runtime.adaptor.EclipseStarter.run(EclipseStarter.java:200)
	at sun.reflect.NativeMethodAccessorImpl.invoke0(Native Method)
	at sun.reflect.NativeMethodAccessorImpl.invoke(NativeMethodAccessorImpl.java:57)
	at sun.reflect.DelegatingMethodAccessorImpl.invoke(DelegatingMethodAccessorImpl.java:43)
	at java.lang.reflect.Method.invoke(Method.java:601)
	at org.eclipse.equinox.launcher.Main.invokeFramework(Main.java:636)
	at org.eclipse.equinox.launcher.Main.basicRun(Main.java:591)
	at org.eclipse.equinox.launcher.Main.run(Main.java:1450)
	at org.eclipse.equinox.launcher.Main.main(Main.java:1426)
Caused by: java.lang.IllegalStateException: The platform metadata area could not be written: D:\New folder\.metadata.  By default the platform writes its content
under the current working directory when the platform is launched.  Use the -data parameter to
specify a different content area for the platform.
	at org.eclipse.core.internal.runtime.DataArea.assertLocationInitialized(DataArea.java:61)
	at org.eclipse.core.internal.runtime.DataArea.getStateLocation(DataArea.java:129)
	at org.eclipse.core.internal.preferences.InstancePreferences.getBaseLocation(InstancePreferences.java:44)
	at org.eclipse.core.internal.preferences.InstancePreferences.initializeChildren(InstancePreferences.java:199)
	at org.eclipse.core.internal.preferences.InstancePreferences.<init>(InstancePreferences.java:59)
	at org.eclipse.core.internal.preferences.InstancePreferences.internalCreate(InstancePreferences.java:209)
	at org.eclipse.core.internal.preferences.EclipsePreferences.create(EclipsePreferences.java:391)
	at org.eclipse.core.internal.preferences.EclipsePreferences.create(EclipsePreferences.java:379)
	at org.eclipse.core.internal.preferences.PreferencesService.createNode(PreferencesService.java:389)
	at org.eclipse.core.internal.preferences.RootPreferences.getChild(RootPreferences.java:63)
	at org.eclipse.core.internal.preferences.RootPreferences.getNode(RootPreferences.java:101)
	at org.eclipse.core.internal.preferences.RootPreferences.node(RootPreferences.java:90)
	at org.eclipse.core.internal.preferences.legacy.PreferenceForwarder.<init>(PreferenceForwarder.java:37)
	at org.eclipse.core.runtime.Plugin$1.run(Plugin.java:370)
	at org.eclipse.core.runtime.Plugin.getPluginPreferences(Plugin.java:373)
	at org.eclipse.core.runtime.Plugin.savePluginPreferences(Plugin.java:400)
	at org.eclipse.ui.plugin.AbstractUIPlugin.savePreferenceStore(AbstractUIPlugin.java:526)
	at org.eclipse.ui.plugin.AbstractUIPlugin.stop(AbstractUIPlugin.java:630)
	at org.eclipse.ui.internal.ide.IDEWorkbenchPlugin.stop(IDEWorkbenchPlugin.java:339)
	at org.eclipse.osgi.framework.internal.core.BundleContextImpl$2.run(BundleContextImpl.java:771)
	at java.security.AccessController.doPrivileged(Native Method)
	at org.eclipse.osgi.framework.internal.core.BundleContextImpl.stop(BundleContextImpl.java:764)
	... 19 more
Root exception:
java.lang.IllegalStateException: The platform metadata area could not be written: D:\New folder\.metadata.  By default the platform writes its content
under the current working directory when the platform is launched.  Use the -data parameter to
specify a different content area for the platform.
	at org.eclipse.core.internal.runtime.DataArea.assertLocationInitialized(DataArea.java:61)
	at org.eclipse.core.internal.runtime.DataArea.getStateLocation(DataArea.java:129)
	at org.eclipse.core.internal.preferences.InstancePreferences.getBaseLocation(InstancePreferences.java:44)
	at org.eclipse.core.internal.preferences.InstancePreferences.initializeChildren(InstancePreferences.java:199)
	at org.eclipse.core.internal.preferences.InstancePreferences.<init>(InstancePreferences.java:59)
	at org.eclipse.core.internal.preferences.InstancePreferences.internalCreate(InstancePreferences.java:209)
	at org.eclipse.core.internal.preferences.EclipsePreferences.create(EclipsePreferences.java:391)
	at org.eclipse.core.internal.preferences.EclipsePreferences.create(EclipsePreferences.java:379)
	at org.eclipse.core.internal.preferences.PreferencesService.createNode(PreferencesService.java:389)
	at org.eclipse.core.internal.preferences.RootPreferences.getChild(RootPreferences.java:63)
	at org.eclipse.core.internal.preferences.RootPreferences.getNode(RootPreferences.java:101)
	at org.eclipse.core.internal.preferences.RootPreferences.node(RootPreferences.java:90)
	at org.eclipse.core.internal.preferences.legacy.PreferenceForwarder.<init>(PreferenceForwarder.java:37)
	at org.eclipse.core.runtime.Plugin$1.run(Plugin.java:370)
	at org.eclipse.core.runtime.Plugin.getPluginPreferences(Plugin.java:373)
	at org.eclipse.core.runtime.Plugin.savePluginPreferences(Plugin.java:400)
	at org.eclipse.ui.plugin.AbstractUIPlugin.savePreferenceStore(AbstractUIPlugin.java:526)
	at org.eclipse.ui.plugin.AbstractUIPlugin.stop(AbstractUIPlugin.java:630)
	at org.eclipse.ui.internal.ide.IDEWorkbenchPlugin.stop(IDEWorkbenchPlugin.java:339)
	at org.eclipse.osgi.framework.internal.core.BundleContextImpl$2.run(BundleContextImpl.java:771)
	at java.security.AccessController.doPrivileged(Native Method)
	at org.eclipse.osgi.framework.internal.core.BundleContextImpl.stop(BundleContextImpl.java:764)
	at org.eclipse.osgi.framework.internal.core.BundleHost.stopWorker(BundleHost.java:510)
	at org.eclipse.osgi.framework.internal.core.AbstractBundle.suspend(AbstractBundle.java:566)
	at org.eclipse.osgi.framework.internal.core.Framework.suspendBundle(Framework.java:1206)
	at org.eclipse.osgi.framework.internal.core.StartLevelManager.decFWSL(StartLevelManager.java:592)
	at org.eclipse.osgi.framework.internal.core.StartLevelManager.doSetStartLevel(StartLevelManager.java:257)
	at org.eclipse.osgi.framework.internal.core.StartLevelManager.shutdown(StartLevelManager.java:215)
	at org.eclipse.osgi.framework.internal.core.InternalSystemBundle.suspend(InternalSystemBundle.java:284)
	at org.eclipse.osgi.framework.internal.core.Framework.shutdown(Framework.java:692)
	at org.eclipse.osgi.framework.internal.core.Framework.close(Framework.java:600)
	at org.eclipse.core.runtime.adaptor.EclipseStarter.shutdown(EclipseStarter.java:400)
	at org.eclipse.core.runtime.adaptor.EclipseStarter.run(EclipseStarter.java:200)
	at sun.reflect.NativeMethodAccessorImpl.invoke0(Native Method)
	at sun.reflect.NativeMethodAccessorImpl.invoke(NativeMethodAccessorImpl.java:57)
	at sun.reflect.DelegatingMethodAccessorImpl.invoke(DelegatingMethodAccessorImpl.java:43)
	at java.lang.reflect.Method.invoke(Method.java:601)
	at org.eclipse.equinox.launcher.Main.invokeFramework(Main.java:636)
	at org.eclipse.equinox.launcher.Main.basicRun(Main.java:591)
	at org.eclipse.equinox.launcher.Main.run(Main.java:1450)
	at org.eclipse.equinox.launcher.Main.main(Main.java:1426)
